[0818/224916:ERROR:process_info.cc(608)] range at 0x7fac3c7c00000000, size 0x2e0 fully unreadable
[0818/224916:ERROR:process_info.cc(608)] range at 0x7fac3ce400000000, size 0x2e0 fully unreadable
[0818/224916:ERROR:process_info.cc(608)] range at 0x0, size 0x2e0 fully unreadable
[0818/224916:ERROR:process_reader_win.cc(233)] ReadMemory at 0x2e07fac0860 of 65536 bytes failed: 仅完成部分的 ReadProcessMemory 或 WriteProcessMemory 请求。 (0x12B)
[0818/224916:ERROR:process_reader_win.cc(233)] ReadMemory at 0x7ffe58d40000 of 64 bytes failed: 仅完成部分的 ReadProcessMemory 或 WriteProcessMemory 请求。 (0x12B)
[0818/224916:WARNING:pe_image_reader.cc(281)] could not read dos header from C:\WINDOWS\SYSTEM32\WINSPOOL.DRV
[0818/224916:ERROR:process_reader_win.cc(233)] ReadMemory at 0x7ffe623a0000 of 64 bytes failed: 仅完成部分的 ReadProcessMemory 或 WriteProcessMemory 请求。 (0x12B)
[0818/224916:WARNING:pe_image_reader.cc(281)] could not read dos header from C:\WINDOWS\WinSxS\amd64_microsoft.windows.common-controls_6595b64144ccf1df_6.0.10586.494_none_a2d8b04ea53e3145\COMCTL32.dll
[0818/224916:ERROR:process_reader_win.cc(233)] ReadMemory at 0x7ffe63fa0000 of 64 bytes failed: 仅完成部分的 ReadProcessMemory 或 WriteProcessMemory 请求。 (0x12B)
[0818/224916:WARNING:pe_image_reader.cc(281)] could not read dos header from C:\WINDOWS\system32\fwbase.dll
[0818/224916:ERROR:process_reader_win.cc(233)] ReadMemory at 0x7ffe633f0000 of 64 bytes failed: 仅完成部分的 ReadProcessMemory 或 WriteProcessMemory 请求。 (0x12B)
[0818/224916:WARNING:pe_image_reader.cc(281)] could not read dos header from C:\WINDOWS\SYSTEM32\DAVHLPR.DLL
[0818/224916:ERROR:process_reader_win.cc(233)] ReadMemory at 0x7ffe5ace0000 of 64 bytes failed: 仅完成部分的 ReadProcessMemory 或 WriteProcessMemory 请求。 (0x12B)
[0818/224916:WARNING:pe_image_reader.cc(281)] could not read dos header from C:\WINDOWS\SYSTEM32\IPHLPAPI.DLL
[0818/224916:ERROR:process_reader_win.cc(233)] ReadMemory at 0x7ffe563b0000 of 64 bytes failed: 仅完成部分的 ReadProcessMemory 或 WriteProcessMemory 请求。 (0x12B)
[0818/224916:WARNING:pe_image_reader.cc(281)] could not read dos header from C:\WINDOWS\SYSTEM32\Secur32.dll
[0818/224916:ERROR:process_reader_win.cc(233)] ReadMemory at 0x7ffe64dc2238 of 36 bytes failed: 仅完成部分的 ReadProcessMemory 或 WriteProcessMemory 请求。 (0x12B)
[0818/224916:WARNING:pe_image_reader.cc(155)] could not read debug directory from C:\WINDOWS\SYSTEM32\SSPICLI.DLL
[0818/224916:ERROR:process_reader_win.cc(233)] ReadMemory at 0x7ffe20d90000 of 64 bytes failed: 仅完成部分的 ReadProcessMemory 或 WriteProcessMemory 请求。 (0x12B)
[0818/224916:WARNING:pe_image_reader.cc(281)] could not read dos header from C:\Program Files (x86)\Google\Chrome\Application\52.0.2743.116\chrome_child.dll
[0818/224916:ERROR:process_reader_win.cc(233)] ReadMemory at 0x7ffe5caf0000 of 64 bytes failed: 仅完成部分的 ReadProcessMemory 或 WriteProcessMemory 请求。 (0x12B)
[0818/224916:WARNING:pe_image_reader.cc(281)] could not read dos header from C:\WINDOWS\SYSTEM32\dwrite.dll
[0818/224916:ERROR:process_reader_win.cc(233)] ReadMemory at 0x7ff7cc160000 of 64 bytes failed: 仅完成部分的 ReadProcessMemory 或 WriteProcessMemory 请求。 (0x12B)
[0818/224916:WARNING:pe_image_reader.cc(281)] could not read dos header from C:\Program Files (x86)\Google\Chrome\Application\chrome.exe
[0818/224916:ERROR:process_reader_win.cc(233)] ReadMemory at 0x7ffe65200000 of 64 bytes failed: 仅完成部分的 ReadProcessMemory 或 WriteProcessMemory 请求。 (0x12B)
[0818/224916:WARNING:pe_image_reader.cc(281)] could not read dos header from C:\WINDOWS\system32\KERNELBASE.dll
[0818/224916:ERROR:process_reader_win.cc(233)] ReadMemory at 0x7ffe685a0000 of 64 bytes failed: 仅完成部分的 ReadProcessMemory 或 WriteProcessMemory 请求。 (0x12B)
[0818/224916:WARNING:pe_image_reader.cc(281)] could not read dos header from C:\WINDOWS\system32\KERNEL32.DLL
[0818/224916:ERROR:process_reader_win.cc(233)] ReadMemory at 0x7ffe661d0000 of 64 bytes failed: 仅完成部分的 ReadProcessMemory 或 WriteProcessMemory 请求。 (0x12B)
[0818/224916:WARNING:pe_image_reader.cc(281)] could not read dos header from C:\WINDOWS\system32\msvcrt.dll
[0818/224916:ERROR:process_reader_win.cc(233)] ReadMemory at 0x7ffe65f50000 of 64 bytes failed: 仅完成部分的 ReadProcessMemory 或 WriteProcessMemory 请求。 (0x12B)
[0818/224916:WARNING:pe_image_reader.cc(281)] could not read dos header from C:\WINDOWS\system32\RPCRT4.dll
[0818/224916:ERROR:process_reader_win.cc(233)] ReadMemory at 0x7ffe67a40000 of 64 bytes failed: 仅完成部分的 ReadProcessMemory 或 WriteProcessMemory 请求。 (0x12B)
[0818/224916:WARNING:pe_image_reader.cc(281)] could not read dos header from C:\WINDOWS\system32\ADVAPI32.dll
[0818/224916:ERROR:process_reader_win.cc(233)] ReadMemory at 0x7ffe65680000 of 64 bytes failed: 仅完成部分的 ReadProcessMemory 或 WriteProcessMemory 请求。 (0x12B)
[0818/224916:WARNING:pe_image_reader.cc(281)] could not read dos header from C:\WINDOWS\system32\bcryptPrimitives.dll
[0818/224916:ERROR:process_reader_win.cc(233)] ReadMemory at 0x7ffe64bc0000 of 64 bytes failed: 仅完成部分的 ReadProcessMemory 或 WriteProcessMemory 请求。 (0x12B)
[0818/224916:WARNING:pe_image_reader.cc(281)] could not read dos header from C:\WINDOWS\SYSTEM32\CRYPTBASE.DLL
[0818/224916:ERROR:process_reader_win.cc(233)] ReadMemory at 0x7ffe59b10000 of 64 bytes failed: 仅完成部分的 ReadProcessMemory 或 WriteProcessMemory 请求。 (0x12B)
[0818/224916:WARNING:pe_image_reader.cc(281)] could not read dos header from C:\Program Files (x86)\Google\Chrome\Application\52.0.2743.116\chrome_elf.dll
[0818/224916:ERROR:process_reader_win.cc(233)] ReadMemory at 0x7ffe65050000 of 64 bytes failed: 仅完成部分的 ReadProcessMemory 或 WriteProcessMemory 请求。 (0x12B)
[0818/224916:WARNING:pe_image_reader.cc(281)] could not read dos header from C:\WINDOWS\SYSTEM32\VERSION.dll
[0818/224916:ERROR:process_reader_win.cc(233)] ReadMemory at 0x7ffe65f00000 of 64 bytes failed: 仅完成部分的 ReadProcessMemory 或 WriteProcessMemory 请求。 (0x12B)
[0818/224916:WARNING:pe_image_reader.cc(281)] could not read dos header from C:\WINDOWS\system32\cfgmgr32.dll
[0818/224916:ERROR:process_reader_win.cc(233)] ReadMemory at 0x7ffe632d0000 of 64 bytes failed: 仅完成部分的 ReadProcessMemory 或 WriteProcessMemory 请求。 (0x12B)
[0818/224916:WARNING:pe_image_reader.cc(281)] could not read dos header from C:\WINDOWS\SYSTEM32\WINMMBASE.dll
[0818/224916:ERROR:process_reader_win.cc(233)] ReadMemory at 0x7ffe67850000 of 64 bytes failed: 仅完成部分的 ReadProcessMemory 或 WriteProcessMemory 请求。 (0x12B)
[0818/224916:WARNING:pe_image_reader.cc(281)] could not read dos header from C:\WINDOWS\system32\GDI32.dll
[0818/224916:ERROR:process_reader_win.cc(233)] ReadMemory at 0x7ffe68200000 of 64 bytes failed: 仅完成部分的 ReadProcessMemory 或 WriteProcessMemory 请求。 (0x12B)
[0818/224916:WARNING:pe_image_reader.cc(281)] could not read dos header from C:\WINDOWS\system32\USER32.dll
[0818/224916:ERROR:process_reader_win.cc(233)] ReadMemory at 0x7ffe66190000 of 64 bytes failed: 仅完成部分的 ReadProcessMemory 或 WriteProcessMemory 请求。 (0x12B)
[0818/224916:WARNING:pe_image_reader.cc(281)] could not read dos header from C:\WINDOWS\system32\IMM32.DLL
[0818/224916:ERROR:process_reader_win.cc(233)] ReadMemory at 0x7ffe63330000 of 64 bytes failed: 仅完成部分的 ReadProcessMemory 或 WriteProcessMemory 请求。 (0x12B)
[0818/224916:WARNING:pe_image_reader.cc(281)] could not read dos header from C:\WINDOWS\SYSTEM32\WINMM.dll
[0818/224916:ERROR:process_reader_win.cc(233)] ReadMemory at 0x7ffe651d0000 of 64 bytes failed: 仅完成部分的 ReadProcessMemory 或 WriteProcessMemory 请求。 (0x12B)
[0818/224916:WARNING:pe_image_reader.cc(281)] could not read dos header from C:\WINDOWS\system32\profapi.dll
[0818/224916:ERROR:process_reader_win.cc(233)] ReadMemory at 0x7ffe64880000 of 64 bytes failed: 仅完成部分的 ReadProcessMemory 或 WriteProcessMemory 请求。 (0x12B)
[0818/224916:WARNING:pe_image_reader.cc(281)] could not read dos header from C:\WINDOWS\SYSTEM32\USERENV.dll
[0818/224916:ERROR:process_reader_win.cc(233)] ReadMemory at 0x7ffe63140000 of 64 bytes failed: 仅完成部分的 ReadProcessMemory 或 WriteProcessMemory 请求。 (0x12B)
[0818/224916:WARNING:pe_image_reader.cc(281)] could not read dos header from C:\WINDOWS\SYSTEM32\WTSAPI32.dll
[0818/224916:ERROR:process_reader_win.cc(233)] ReadMemory at 0x7ffe57880000 of 64 bytes failed: 仅完成部分的 ReadProcessMemory 或 WriteProcessMemory 请求。 (0x12B)
[0818/224916:WARNING:pe_image_reader.cc(281)] could not read dos header from C:\WINDOWS\SYSTEM32\WINHTTP.dll
[0818/224916:ERROR:process_reader_win.cc(233)] ReadMemory at 0x7ffe683d0000 of 64 bytes failed: 仅完成部分的 ReadProcessMemory 或 WriteProcessMemory 请求。 (0x12B)
[0818/224916:WARNING:pe_image_reader.cc(281)] could not read dos header from C:\WINDOWS\system32\shlwapi.dll
[0818/224916:ERROR:process_reader_win.cc(233)] ReadMemory at 0x7ffe651f0000 of 64 bytes failed: 仅完成部分的 ReadProcessMemory 或 WriteProcessMemory 请求。 (0x12B)
[0818/224916:WARNING:pe_image_reader.cc(281)] could not read dos header from C:\WINDOWS\system32\kernel.appcore.dll
[0818/224916:ERROR:process_reader_win.cc(233)] ReadMemory at 0x7ffe653f0000 of 64 bytes failed: 仅完成部分的 ReadProcessMemory 或 WriteProcessMemory 请求。 (0x12B)
[0818/224916:WARNING:pe_image_reader.cc(281)] could not read dos header from C:\WINDOWS\system32\shcore.dll
[0818/224916:ERROR:process_reader_win.cc(233)] ReadMemory at 0x7ffe65180000 of 64 bytes failed: 仅完成部分的 ReadProcessMemory 或 WriteProcessMemory 请求。 (0x12B)
[0818/224916:WARNING:pe_image_reader.cc(281)] could not read dos header from C:\WINDOWS\system32\powrprof.dll
[0818/224916:ERROR:process_reader_win.cc(233)] ReadMemory at 0x7ffe65890000 of 64 bytes failed: 仅完成部分的 ReadProcessMemory 或 WriteProcessMemory 请求。 (0x12B)
[0818/224916:WARNING:pe_image_reader.cc(281)] could not read dos header from C:\WINDOWS\system32\windows.storage.dll
[0818/224916:ERROR:process_reader_win.cc(233)] ReadMemory at 0x7ffe662f0000 of 64 bytes failed: 仅完成部分的 ReadProcessMemory 或 WriteProcessMemory 请求。 (0x12B)
[0818/224916:WARNING:pe_image_reader.cc(281)] could not read dos header from C:\WINDOWS\system32\SHELL32.dll
[0818/224916:ERROR:process_reader_win.cc(233)] ReadMemory at 0x7ffe650a0000 of 64 bytes failed: 仅完成部分的 ReadProcessMemory 或 WriteProcessMemory 请求。 (0x12B)
[0818/224916:WARNING:pe_image_reader.cc(281)] could not read dos header from C:\WINDOWS\SYSTEM32\bcrypt.dll
[0818/224916:ERROR:process_reader_win.cc(233)] ReadMemory at 0x7ffe58d40000 of 64 bytes failed: 仅完成部分的 ReadProcessMemory 或 WriteProcessMemory 请求。 (0x12B)
[0818/224916:WARNING:pe_image_reader.cc(281)] could not read dos header from C:\WINDOWS\SYSTEM32\WINSPOOL.DRV
[0818/224916:ERROR:process_reader_win.cc(233)] ReadMemory at 0x7ffe623a0000 of 64 bytes failed: 仅完成部分的 ReadProcessMemory 或 WriteProcessMemory 请求。 (0x12B)
[0818/224916:WARNING:pe_image_reader.cc(281)] could not read dos header from C:\WINDOWS\WinSxS\amd64_microsoft.windows.common-controls_6595b64144ccf1df_6.0.10586.494_none_a2d8b04ea53e3145\COMCTL32.dll
[0818/224916:ERROR:process_reader_win.cc(233)] ReadMemory at 0x7ffe65750000 of 64 bytes failed: 仅完成部分的 ReadProcessMemory 或 WriteProcessMemory 请求。 (0x12B)
[0818/224916:WARNING:pe_image_reader.cc(281)] could not read dos header from C:\WINDOWS\system32\FirewallAPI.dll
[0818/224916:ERROR:process_reader_win.cc(233)] ReadMemory at 0x7ffe63fa0000 of 64 bytes failed: 仅完成部分的 ReadProcessMemory 或 WriteProcessMemory 请求。 (0x12B)
[0818/224916:WARNING:pe_image_reader.cc(281)] could not read dos header from C:\WINDOWS\system32\fwbase.dll
[0818/224916:ERROR:process_reader_win.cc(233)] ReadMemory at 0x7ffe65ee0000 of 64 bytes failed: 仅完成部分的 ReadProcessMemory 或 WriteProcessMemory 请求。 (0x12B)
[0818/224916:WARNING:pe_image_reader.cc(281)] could not read dos header from C:\WINDOWS\system32\NETAPI32.dll
[0818/224916:ERROR:process_reader_win.cc(233)] ReadMemory at 0x7ffe633f0000 of 64 bytes failed: 仅完成部分的 ReadProcessMemory 或 WriteProcessMemory 请求。 (0x12B)
[0818/224916:WARNING:pe_image_reader.cc(281)] could not read dos header from C:\WINDOWS\SYSTEM32\DAVHLPR.DLL
[0818/224916:ERROR:process_reader_win.cc(233)] ReadMemory at 0x7ffe66080000 of 64 bytes failed: 仅完成部分的 ReadProcessMemory 或 WriteProcessMemory 请求。 (0x12B)
[0818/224916:WARNING:pe_image_reader.cc(281)] could not read dos header from C:\WINDOWS\system32\COMDLG32.dll
[0818/224916:ERROR:process_reader_win.cc(233)] ReadMemory at 0x7ffe68450000 of 64 bytes failed: 仅完成部分的 ReadProcessMemory 或 WriteProcessMemory 请求。 (0x12B)
[0818/224916:WARNING:pe_image_reader.cc(281)] could not read dos header from C:\WINDOWS\system32\ole32.dll
[0818/224916:ERROR:process_reader_win.cc(233)] ReadMemory at 0x7ffe5ace0000 of 64 bytes failed: 仅完成部分的 ReadProcessMemory 或 WriteProcessMemory 请求。 (0x12B)
[0818/224916:WARNING:pe_image_reader.cc(281)] could not read dos header from C:\WINDOWS\SYSTEM32\IPHLPAPI.DLL
[0818/224916:ERROR:process_reader_win.cc(233)] ReadMemory at 0x7ffe68360000 of 64 bytes failed: 仅完成部分的 ReadProcessMemory 或 WriteProcessMemory 请求。 (0x12B)
[0818/224916:WARNING:pe_image_reader.cc(281)] could not read dos header from C:\WINDOWS\system32\WS2_32.dll
[0818/224916:ERROR:process_reader_win.cc(233)] ReadMemory at 0x7ffe67f20000 of 64 bytes failed: 仅完成部分的 ReadProcessMemory 或 WriteProcessMemory 请求。 (0x12B)
[0818/224916:WARNING:pe_image_reader.cc(281)] could not read dos header from C:\WINDOWS\system32\USP10.dll
[0818/224916:ERROR:process_reader_win.cc(233)] ReadMemory at 0x7ffe65170000 of 64 bytes failed: 仅完成部分的 ReadProcessMemory 或 WriteProcessMemory 请求。 (0x12B)
[0818/224916:WARNING:pe_image_reader.cc(281)] could not read dos header from C:\WINDOWS\system32\MSASN1.dll
[0818/224916:ERROR:process_reader_win.cc(233)] ReadMemory at 0x7ffe654b0000 of 64 bytes failed: 仅完成部分的 ReadProcessMemory 或 WriteProcessMemory 请求。 (0x12B)
[0818/224916:WARNING:pe_image_reader.cc(281)] could not read dos header from C:\WINDOWS\system32\CRYPT32.dll
[0818/224916:ERROR:process_reader_win.cc(233)] ReadMemory at 0x7ffe656f0000 of 64 bytes failed: 仅完成部分的 ReadProcessMemory 或 WriteProcessMemory 请求。 (0x12B)
[0818/224916:WARNING:pe_image_reader.cc(281)] could not read dos header from C:\WINDOWS\system32\WINTRUST.dll
[0818/224916:ERROR:process_reader_win.cc(233)] ReadMemory at 0x7ffe563b0000 of 64 bytes failed: 仅完成部分的 ReadProcessMemory 或 WriteProcessMemory 请求。 (0x12B)
[0818/224916:WARNING:pe_image_reader.cc(281)] could not read dos header from C:\WINDOWS\SYSTEM32\Secur32.dll
[0818/224916:ERROR:process_reader_win.cc(233)] ReadMemory at 0x7ffe64da0000 of 64 bytes failed: 仅完成部分的 ReadProcessMemory 或 WriteProcessMemory 请求。 (0x12B)
[0818/224916:WARNING:pe_image_reader.cc(281)] could not read dos header from C:\WINDOWS\SYSTEM32\SSPICLI.DLL
[0818/224916:ERROR:process_reader_win.cc(233)] ReadMemory at 0x7ffe20d90000 of 64 bytes failed: 仅完成部分的 ReadProcessMemory 或 WriteProcessMemory 请求。 (0x12B)
[0818/224916:WARNING:pe_image_reader.cc(281)] could not read dos header from C:\Program Files (x86)\Google\Chrome\Application\52.0.2743.116\chrome_child.dll
[0818/224916:ERROR:process_reader_win.cc(233)] ReadMemory at 0x7ffe5caf0000 of 64 bytes failed: 仅完成部分的 ReadProcessMemory 或 WriteProcessMemory 请求。 (0x12B)
[0818/224916:WARNING:pe_image_reader.cc(281)] could not read dos header from C:\WINDOWS\SYSTEM32\dwrite.dll
[0818/224916:ERROR:process_reader_win.cc(142)] SuspendThread: 拒绝访问。 (0x5)
[0818/224916:ERROR:process_reader_win.cc(233)] ReadMemory at 0x7ff7cc160000 of 64 bytes failed: 仅完成部分的 ReadProcessMemory 或 WriteProcessMemory 请求。 (0x12B)
[0818/224916:WARNING:pe_image_reader.cc(281)] could not read dos header from C:\Program Files (x86)\Google\Chrome\Application\chrome.exe
[0818/224916:ERROR:process_reader_win.cc(233)] ReadMemory at 0x7ffe68b70000 of 64 bytes failed: 仅完成部分的 ReadProcessMemory 或 WriteProcessMemory 请求。 (0x12B)
[0818/224916:WARNING:pe_image_reader.cc(281)] could not read dos header from C:\WINDOWS\SYSTEM32\ntdll.dll
[0818/224916:ERROR:process_reader_win.cc(233)] ReadMemory at 0x7ffe65200000 of 64 bytes failed: 仅完成部分的 ReadProcessMemory 或 WriteProcessMemory 请求。 (0x12B)
[0818/224916:WARNING:pe_image_reader.cc(281)] could not read dos header from C:\WINDOWS\system32\KERNELBASE.dll
[0818/224916:ERROR:process_reader_win.cc(233)] ReadMemory at 0x7ffe685a0000 of 64 bytes failed: 仅完成部分的 ReadProcessMemory 或 WriteProcessMemory 请求。 (0x12B)
[0818/224916:WARNING:pe_image_reader.cc(281)] could not read dos header from C:\WINDOWS\system32\KERNEL32.DLL
[0818/224916:ERROR:process_reader_win.cc(233)] ReadMemory at 0x7ffe661d0000 of 64 bytes failed: 仅完成部分的 ReadProcessMemory 或 WriteProcessMemory 请求。 (0x12B)
[0818/224916:WARNING:pe_image_reader.cc(281)] could not read dos header from C:\WINDOWS\system32\msvcrt.dll
[0818/224916:ERROR:process_reader_win.cc(233)] ReadMemory at 0x7ffe65f50000 of 64 bytes failed: 仅完成部分的 ReadProcessMemory 或 WriteProcessMemory 请求。 (0x12B)
[0818/224916:WARNING:pe_image_reader.cc(281)] could not read dos header from C:\WINDOWS\system32\RPCRT4.dll
[0818/224916:ERROR:process_reader_win.cc(233)] ReadMemory at 0x7ffe68b10000 of 64 bytes failed: 仅完成部分的 ReadProcessMemory 或 WriteProcessMemory 请求。 (0x12B)
[0818/224916:WARNING:pe_image_reader.cc(281)] could not read dos header from C:\WINDOWS\system32\sechost.dll
[0818/224916:ERROR:process_reader_win.cc(233)] ReadMemory at 0x7ffe67a40000 of 64 bytes failed: 仅完成部分的 ReadProcessMemory 或 WriteProcessMemory 请求。 (0x12B)
[0818/224916:WARNING:pe_image_reader.cc(281)] could not read dos header from C:\WINDOWS\system32\ADVAPI32.dll
[0818/224916:ERROR:process_reader_win.cc(233)] ReadMemory at 0x7ffe65680000 of 64 bytes failed: 仅完成部分的 ReadProcessMemory 或 WriteProcessMemory 请求。 (0x12B)
[0818/224916:WARNING:pe_image_reader.cc(281)] could not read dos header from C:\WINDOWS\system32\bcryptPrimitives.dll
[0818/224916:ERROR:process_reader_win.cc(233)] ReadMemory at 0x7ffe64bc0000 of 64 bytes failed: 仅完成部分的 ReadProcessMemory 或 WriteProcessMemory 请求。 (0x12B)
[0818/224916:WARNING:pe_image_reader.cc(281)] could not read dos header from C:\WINDOWS\SYSTEM32\CRYPTBASE.DLL
[0818/224916:ERROR:process_reader_win.cc(233)] ReadMemory at 0x7ffe59b10000 of 64 bytes failed: 仅完成部分的 ReadProcessMemory 或 WriteProcessMemory 请求。 (0x12B)
[0818/224916:WARNING:pe_image_reader.cc(281)] could not read dos header from C:\Program Files (x86)\Google\Chrome\Application\52.0.2743.116\chrome_elf.dll
[0818/224916:ERROR:process_reader_win.cc(233)] ReadMemory at 0x7ffe65050000 of 64 bytes failed: 仅完成部分的 ReadProcessMemory 或 WriteProcessMemory 请求。 (0x12B)
[0818/224916:WARNING:pe_image_reader.cc(281)] could not read dos header from C:\WINDOWS\SYSTEM32\VERSION.dll
[0818/224916:ERROR:process_reader_win.cc(233)] ReadMemory at 0x7ffe65f00000 of 64 bytes failed: 仅完成部分的 ReadProcessMemory 或 WriteProcessMemory 请求。 (0x12B)
[0818/224916:WARNING:pe_image_reader.cc(281)] could not read dos header from C:\WINDOWS\system32\cfgmgr32.dll
[0818/224916:ERROR:process_reader_win.cc(233)] ReadMemory at 0x7ffe632d0000 of 64 bytes failed: 仅完成部分的 ReadProcessMemory 或 WriteProcessMemory 请求。 (0x12B)
[0818/224916:WARNING:pe_image_reader.cc(281)] could not read dos header from C:\WINDOWS\SYSTEM32\WINMMBASE.dll
[0818/224916:ERROR:process_reader_win.cc(233)] ReadMemory at 0x7ffe67850000 of 64 bytes failed: 仅完成部分的 ReadProcessMemory 或 WriteProcessMemory 请求。 (0x12B)
[0818/224916:WARNING:pe_image_reader.cc(281)] could not read dos header from C:\WINDOWS\system32\GDI32.dll
[0818/224916:ERROR:process_reader_win.cc(233)] ReadMemory at 0x7ffe68200000 of 64 bytes failed: 仅完成部分的 ReadProcessMemory 或 WriteProcessMemory 请求。 (0x12B)
[0818/224916:WARNING:pe_image_reader.cc(281)] could not read dos header from C:\WINDOWS\system32\USER32.dll
[0818/224916:ERROR:process_reader_win.cc(233)] ReadMemory at 0x7ffe66190000 of 64 bytes failed: 仅完成部分的 ReadProcessMemory 或 WriteProcessMemory 请求。 (0x12B)
[0818/224916:WARNING:pe_image_reader.cc(281)] could not read dos header from C:\WINDOWS\system32\IMM32.DLL
[0818/224916:ERROR:process_reader_win.cc(233)] ReadMemory at 0x7ffe63330000 of 64 bytes failed: 仅完成部分的 ReadProcessMemory 或 WriteProcessMemory 请求。 (0x12B)
[0818/224916:WARNING:pe_image_reader.cc(281)] could not read dos header from C:\WINDOWS\SYSTEM32\WINMM.dll
[0818/224916:ERROR:process_reader_win.cc(233)] ReadMemory at 0x7ffe651d0000 of 64 bytes failed: 仅完成部分的 ReadProcessMemory 或 WriteProcessMemory 请求。 (0x12B)
[0818/224916:WARNING:pe_image_reader.cc(281)] could not read dos header from C:\WINDOWS\system32\profapi.dll
[0818/224916:ERROR:process_reader_win.cc(233)] ReadMemory at 0x7ffe64880000 of 64 bytes failed: 仅完成部分的 ReadProcessMemory 或 WriteProcessMemory 请求。 (0x12B)
[0818/224916:WARNING:pe_image_reader.cc(281)] could not read dos header from C:\WINDOWS\SYSTEM32\USERENV.dll
[0818/224916:ERROR:process_reader_win.cc(233)] ReadMemory at 0x7ffe63140000 of 64 bytes failed: 仅完成部分的 ReadProcessMemory 或 WriteProcessMemory 请求。 (0x12B)
[0818/224916:WARNING:pe_image_reader.cc(281)] could not read dos header from C:\WINDOWS\SYSTEM32\WTSAPI32.dll
[0818/224916:ERROR:process_reader_win.cc(233)] ReadMemory at 0x7ffe57880000 of 64 bytes failed: 仅完成部分的 ReadProcessMemory 或 WriteProcessMemory 请求。 (0x12B)
[0818/224916:WARNING:pe_image_reader.cc(281)] could not read dos header from C:\WINDOWS\SYSTEM32\WINHTTP.dll
[0818/224916:ERROR:process_reader_win.cc(233)] ReadMemory at 0x7ffe68650000 of 64 bytes failed: 仅完成部分的 ReadProcessMemory 或 WriteProcessMemory 请求。 (0x12B)
[0818/224916:WARNING:pe_image_reader.cc(281)] could not read dos header from C:\WINDOWS\system32\combase.dll
[0818/224916:ERROR:process_reader_win.cc(233)] ReadMemory at 0x7ffe683d0000 of 64 bytes failed: 仅完成部分的 ReadProcessMemory 或 WriteProcessMemory 请求。 (0x12B)
[0818/224916:WARNING:pe_image_reader.cc(281)] could not read dos header from C:\WINDOWS\system32\shlwapi.dll
[0818/224916:ERROR:process_reader_win.cc(233)] ReadMemory at 0x7ffe651f0000 of 64 bytes failed: 仅完成部分的 ReadProcessMemory 或 WriteProcessMemory 请求。 (0x12B)
[0818/224916:WARNING:pe_image_reader.cc(281)] could not read dos header from C:\WINDOWS\system32\kernel.appcore.dll
[0818/224916:ERROR:process_reader_win.cc(233)] ReadMemory at 0x7ffe653f0000 of 64 bytes failed: 仅完成部分的 ReadProcessMemory 或 WriteProcessMemory 请求。 (0x12B)
[0818/224916:WARNING:pe_image_reader.cc(281)] could not read dos header from C:\WINDOWS\system32\shcore.dll
[0818/224916:ERROR:process_reader_win.cc(233)] ReadMemory at 0x7ffe65180000 of 64 bytes failed: 仅完成部分的 ReadProcessMemory 或 WriteProcessMemory 请求。 (0x12B)
[0818/224916:WARNING:pe_image_reader.cc(281)] could not read dos header from C:\WINDOWS\system32\powrprof.dll
[0818/224916:ERROR:process_reader_win.cc(233)] ReadMemory at 0x7ffe65890000 of 64 bytes failed: 仅完成部分的 ReadProcessMemory 或 WriteProcessMemory 请求。 (0x12B)
[0818/224916:WARNING:pe_image_reader.cc(281)] could not read dos header from C:\WINDOWS\system32\windows.storage.dll
[0818/224916:ERROR:process_reader_win.cc(233)] ReadMemory at 0x7ffe662f0000 of 64 bytes failed: 仅完成部分的 ReadProcessMemory 或 WriteProcessMemory 请求。 (0x12B)
[0818/224916:WARNING:pe_image_reader.cc(281)] could not read dos header from C:\WINDOWS\system32\SHELL32.dll
[0818/224916:ERROR:process_reader_win.cc(233)] ReadMemory at 0x7ffe68b00000 of 64 bytes failed: 仅完成部分的 ReadProcessMemory 或 WriteProcessMemory 请求。 (0x12B)
[0818/224916:WARNING:pe_image_reader.cc(281)] could not read dos header from C:\WINDOWS\system32\PSAPI.DLL
[0818/224916:ERROR:process_reader_win.cc(233)] ReadMemory at 0x7ffe650a0000 of 64 bytes failed: 仅完成部分的 ReadProcessMemory 或 WriteProcessMemory 请求。 (0x12B)
[0818/224916:WARNING:pe_image_reader.cc(281)] could not read dos header from C:\WINDOWS\SYSTEM32\bcrypt.dll
[0818/224916:ERROR:process_reader_win.cc(233)] ReadMemory at 0x7ffe58d40000 of 64 bytes failed: 仅完成部分的 ReadProcessMemory 或 WriteProcessMemory 请求。 (0x12B)
[0818/224916:WARNING:pe_image_reader.cc(281)] could not read dos header from C:\WINDOWS\SYSTEM32\WINSPOOL.DRV
[0818/224916:ERROR:process_reader_win.cc(233)] ReadMemory at 0x7ffe623a0000 of 64 bytes failed: 仅完成部分的 ReadProcessMemory 或 WriteProcessMemory 请求。 (0x12B)
[0818/224916:WARNING:pe_image_reader.cc(281)] could not read dos header from C:\WINDOWS\WinSxS\amd64_microsoft.windows.common-controls_6595b64144ccf1df_6.0.10586.494_none_a2d8b04ea53e3145\COMCTL32.dll
[0818/224916:ERROR:process_reader_win.cc(233)] ReadMemory at 0x7ffe65750000 of 64 bytes failed: 仅完成部分的 ReadProcessMemory 或 WriteProcessMemory 请求。 (0x12B)
[0818/224916:WARNING:pe_image_reader.cc(281)] could not read dos header from C:\WINDOWS\system32\FirewallAPI.dll
[0818/224916:ERROR:process_reader_win.cc(233)] ReadMemory at 0x7ffe63fa0000 of 64 bytes failed: 仅完成部分的 ReadProcessMemory 或 WriteProcessMemory 请求。 (0x12B)
[0818/224916:WARNING:pe_image_reader.cc(281)] could not read dos header from C:\WINDOWS\system32\fwbase.dll
[0818/224916:ERROR:process_reader_win.cc(233)] ReadMemory at 0x7ffe65ee0000 of 64 bytes failed: 仅完成部分的 ReadProcessMemory 或 WriteProcessMemory 请求。 (0x12B)
[0818/224916:WARNING:pe_image_reader.cc(281)] could not read dos header from C:\WINDOWS\system32\NETAPI32.dll
[0818/224916:ERROR:process_reader_win.cc(233)] ReadMemory at 0x7ffe633f0000 of 64 bytes failed: 仅完成部分的 ReadProcessMemory 或 WriteProcessMemory 请求。 (0x12B)
[0818/224916:WARNING:pe_image_reader.cc(281)] could not read dos header from C:\WINDOWS\SYSTEM32\DAVHLPR.DLL
[0818/224916:ERROR:process_reader_win.cc(233)] ReadMemory at 0x7ffe66080000 of 64 bytes failed: 仅完成部分的 ReadProcessMemory 或 WriteProcessMemory 请求。 (0x12B)
[0818/224916:WARNING:pe_image_reader.cc(281)] could not read dos header from C:\WINDOWS\system32\COMDLG32.dll
[0818/224916:ERROR:process_reader_win.cc(233)] ReadMemory at 0x7ffe68450000 of 64 bytes failed: 仅完成部分的 ReadProcessMemory 或 WriteProcessMemory 请求。 (0x12B)
[0818/224916:WARNING:pe_image_reader.cc(281)] could not read dos header from C:\WINDOWS\system32\ole32.dll
[0818/224916:ERROR:process_reader_win.cc(233)] ReadMemory at 0x7ffe68a30000 of 64 bytes failed: 仅完成部分的 ReadProcessMemory 或 WriteProcessMemory 请求。 (0x12B)
[0818/224916:WARNING:pe_image_reader.cc(281)] could not read dos header from C:\WINDOWS\system32\OLEAUT32.dll
[0818/224916:ERROR:process_reader_win.cc(233)] ReadMemory at 0x7ffe5ace0000 of 64 bytes failed: 仅完成部分的 ReadProcessMemory 或 WriteProcessMemory 请求。 (0x12B)
[0818/224916:WARNING:pe_image_reader.cc(281)] could not read dos header from C:\WINDOWS\SYSTEM32\IPHLPAPI.DLL
[0818/224916:ERROR:process_reader_win.cc(233)] ReadMemory at 0x7ffe68360000 of 64 bytes failed: 仅完成部分的 ReadProcessMemory 或 WriteProcessMemory 请求。 (0x12B)
[0818/224916:WARNING:pe_image_reader.cc(281)] could not read dos header from C:\WINDOWS\system32\WS2_32.dll
[0818/224916:ERROR:process_reader_win.cc(233)] ReadMemory at 0x7ffe67f20000 of 64 bytes failed: 仅完成部分的 ReadProcessMemory 或 WriteProcessMemory 请求。 (0x12B)
[0818/224916:WARNING:pe_image_reader.cc(281)] could not read dos header from C:\WINDOWS\system32\USP10.dll
[0818/224916:ERROR:process_reader_win.cc(233)] ReadMemory at 0x7ffe65170000 of 64 bytes failed: 仅完成部分的 ReadProcessMemory 或 WriteProcessMemory 请求。 (0x12B)
[0818/224916:WARNING:pe_image_reader.cc(281)] could not read dos header from C:\WINDOWS\system32\MSASN1.dll
[0818/224916:ERROR:process_reader_win.cc(233)] ReadMemory at 0x7ffe654b0000 of 64 bytes failed: 仅完成部分的 ReadProcessMemory 或 WriteProcessMemory 请求。 (0x12B)
[0818/224916:WARNING:pe_image_reader.cc(281)] could not read dos header from C:\WINDOWS\system32\CRYPT32.dll
[0818/224916:ERROR:process_reader_win.cc(233)] ReadMemory at 0x7ffe656f0000 of 64 bytes failed: 仅完成部分的 ReadProcessMemory 或 WriteProcessMemory 请求。 (0x12B)
[0818/224916:WARNING:pe_image_reader.cc(281)] could not read dos header from C:\WINDOWS\system32\WINTRUST.dll
[0818/224916:ERROR:process_reader_win.cc(233)] ReadMemory at 0x7ffe563b0000 of 64 bytes failed: 仅完成部分的 ReadProcessMemory 或 WriteProcessMemory 请求。 (0x12B)
[0818/224916:WARNING:pe_image_reader.cc(281)] could not read dos header from C:\WINDOWS\SYSTEM32\Secur32.dll
[0818/224916:ERROR:process_reader_win.cc(233)] ReadMemory at 0x7ffe64da0000 of 64 bytes failed: 仅完成部分的 ReadProcessMemory 或 WriteProcessMemory 请求。 (0x12B)
[0818/224916:WARNING:pe_image_reader.cc(281)] could not read dos header from C:\WINDOWS\SYSTEM32\SSPICLI.DLL
[0818/224916:ERROR:process_reader_win.cc(233)] ReadMemory at 0x7ffe20d90000 of 64 bytes failed: 仅完成部分的 ReadProcessMemory 或 WriteProcessMemory 请求。 (0x12B)
[0818/224916:WARNING:pe_image_reader.cc(281)] could not read dos header from C:\Program Files (x86)\Google\Chrome\Application\52.0.2743.116\chrome_child.dll
[0818/224916:ERROR:process_reader_win.cc(233)] ReadMemory at 0x7ffe5caf0000 of 64 bytes failed: 仅完成部分的 ReadProcessMemory 或 WriteProcessMemory 请求。 (0x12B)
[0818/224916:WARNING:pe_image_reader.cc(281)] could not read dos header from C:\WINDOWS\SYSTEM32\dwrite.dll
[0818/224916:ERROR:process_reader_win.cc(233)] ReadMemory at 0x7ff7cc249170 of 12 bytes failed: 仅完成部分的 ReadProcessMemory 或 WriteProcessMemory 请求。 (0x12B)
[0818/224916:WARNING:process_snapshot_win.cc(104)] ReadMemory ExceptionInformation failed
[0818/224916:WARNING:crash_report_exception_handler.cc(60)] ProcessSnapshotWin::InitializeException failed
[0818/224916:ERROR:scoped_process_suspend.cc(38)] NtResumeProcess, ntstatus=-1073741558
